[p.w3layouts.com/demos/baku/web/index.html]
[backblue.gif]
[fade.gif]
[index.html]
[p.w3layouts.com/demos/baku/web/css/bootstrap.css]
[p.w3layouts.com/demos/baku/web/js/jquery.min.js]
[ajax.googleapis.com/ajax/libs/jquery/1.10.2/jquery.min.js]
[www.google-analytics.com/analytics.js]
[p.w3layouts.com/demos/baku/web/css/style.css]
[pagead2.googlesyndication.com/pagead/js/f.txt]
[cdn.fancybar.net/ac/fancybar6a2f.js]
[p.w3layouts.com/demos/baku/web/index-2.html]
[p.w3layouts.com/demos/baku/web/images/logo.png]
[p.w3layouts.com/demos/baku/web/images/nav-icon.png]
[p.w3layouts.com/demos/baku/web/404.html]
[p.w3layouts.com/demos/baku/web/collections.html]
[p.w3layouts.com/demos/baku/web/contact.html]
[p.w3layouts.com/demos/baku/web/js/responsiveslides.min.js]
[p.w3layouts.com/demos/baku/web/images/slide.jpg]
[p.w3layouts.com/demos/baku/web/images/slide2.jpg]
[p.w3layouts.com/demos/baku/web/images/pic1.png]
[p.w3layouts.com/demos/baku/web/css/owl.carousel.css]
[p.w3layouts.com/demos/baku/web/js/owl.carousel.js]
[p.w3layouts.com/demos/baku/web/details.html]
[p.w3layouts.com/demos/baku/web/images/pic2.jpg]
[p.w3layouts.com/demos/baku/web/images/pic3.png]
[p.w3layouts.com/demos/baku/web/images/pic4.png]
[p.w3layouts.com/demos/baku/web/images/pic5.png]
[p.w3layouts.com/demos/baku/web/images/pic6.png]
[p.w3layouts.com/demos/baku/web/index.html]
[p.w3layouts.com/demos/baku/web/fonts/glyphicons-halflings-regular.eot]
[p.w3layouts.com/demos/baku/web/fonts/glyphicons-halflings-regulard41d.eot]
[p.w3layouts.com/demos/baku/web/fonts/glyphicons-halflings-regular.woff]
[p.w3layouts.com/demos/baku/web/fonts/glyphicons-halflings-regular.ttf]
[p.w3layouts.com/demos/baku/web/fonts/glyphicons-halflings-regular.svg]
[p.w3layouts.com/demos/baku/web/images/pagenate.png]
[p.w3layouts.com/demos/baku/web/css/bootstrap.css]
[p.w3layouts.com/demos/baku/web/images/cart-icon.png]
[p.w3layouts.com/demos/baku/web/images/search-icon.png]
[p.w3layouts.com/demos/baku/web/images/slider-icons.png]
[p.w3layouts.com/demos/baku/web/images/wel-bg.jpg]
[p.w3layouts.com/demos/baku/web/images/arrow.png]
[p.w3layouts.com/demos/baku/web/images/footer-icons.png]
[p.w3layouts.com/demos/baku/web/images/social-icons.png]
[p.w3layouts.com/demos/baku/web/images/news-icon.png]
[p.w3layouts.com/demos/baku/web/images/search-icon1.png]
[p.w3layouts.com/demos/baku/web/images/collections-head-bg.jpg]
[p.w3layouts.com/demos/baku/web/images/cate-bg.jpg]
[p.w3layouts.com/demos/baku/web/images/details-bg.png]
[p.w3layouts.com/demos/baku/web/images/star.png]
[p.w3layouts.com/demos/baku/web/images/heart.png]
[p.w3layouts.com/demos/baku/web/images/icon1.png]
[p.w3layouts.com/demos/baku/web/css/style.css]
[p.w3layouts.com/demos/baku/web/index-2.html]
[p.w3layouts.com/demos/baku/web/404.html]
[p.w3layouts.com/demos/baku/web/images/iteam.png]
[p.w3layouts.com/demos/baku/web/images/iteam1.jpg]
[p.w3layouts.com/demos/baku/web/images/iteam2.jpg]
[p.w3layouts.com/demos/baku/web/images/iteam3.jpg]
[p.w3layouts.com/demos/baku/web/images/iteam4.jpg]
[p.w3layouts.com/demos/baku/web/images/iteam5.jpg]
[p.w3layouts.com/demos/baku/web/images/iteam6.jpg]
[p.w3layouts.com/demos/baku/web/images/iteam7.jpg]
[p.w3layouts.com/demos/baku/web/collections.html]
[p.w3layouts.com/demos/baku/web/contact.html]
[p.w3layouts.com/demos/baku/web/images/divice-pagenations.png]
[p.w3layouts.com/demos/baku/web/css/AjaxLoader.gif]
[p.w3layouts.com/demos/baku/web/css/grabbing.png]
[p.w3layouts.com/demos/baku/web/css/owl.carousel.css]
[p.w3layouts.com/demos/baku/web/images/product-slide/image1_thumb.jpg]
[p.w3layouts.com/demos/baku/web/images/product-slide/image1_large.jpg]
[p.w3layouts.com/demos/baku/web/images/product-slide/image2_thumb.jpg]
[p.w3layouts.com/demos/baku/web/images/product-slide/image2_large.jpg]
[p.w3layouts.com/demos/baku/web/images/product-slide/image3_thumb.jpg]
[p.w3layouts.com/demos/baku/web/images/product-slide/image3_large.jpg]
[p.w3layouts.com/demos/baku/web/images/product-slide/image4_thumb.jpg]
[p.w3layouts.com/demos/baku/web/images/product-slide/image4_large.jpg]
[p.w3layouts.com/demos/baku/web/js/jquery.flexslider.js]
[p.w3layouts.com/demos/baku/web/details.html]
[p.w3layouts.com/demos/baku/web/fonts/glyphicons-halflings-regular.html]
[p.w3layouts.com/demos/baku/web/fonts/glyphicons-halflings-regulard41d.html]
[p.w3layouts.com/demos/baku/web/fonts/glyphicons-halflings-regular-2.html]
[p.w3layouts.com/demos/baku/web/fonts/glyphicons-halflings-regular-3.html]
[p.w3layouts.com/demos/baku/web/fonts/glyphicons-halflings-regular-4.html]
[p.w3layouts.com/demos/baku/web/images/pagenate.html]
[p.w3layouts.com/demos/baku/web/css/AjaxLoader.html]
[p.w3layouts.com/demos/baku/web/css/grabbing.html]
[p.w3layouts.com/demos/baku/web/css/flexslider.css]
[p.w3layouts.com/demos/baku/web/images/bg_direction_nav.png]
[p.w3layouts.com/demos/baku/web/css/flexslider.css]
[p.w3layouts.com/demos/baku/web/images/bg_direction_nav.html]
